11:48:46 **** Incremental Build of configuration Debug for project write_textfile ****
make all 
Building file: ../src/write_textfile.c
Invoking: GCC C Compiler
gcc -O0 -g3 -Wall -c -fmessage-length=0 -MMD -MP -MF"src/write_textfile.d" -MT"src/write_textfile.o" -o "src/write_textfile.o" "../src/write_textfile.c"
../src/write_textfile.c: In function ‘main1’:
../src/write_textfile.c:36:11: warning: format ‘%s’ expects argument of type ‘char *’, but argument 2 has type ‘char (*)[10]’ [-Wformat=]
   scanf("%s",&str);
          ~^  ~~~~
../src/write_textfile.c: In function ‘main’:
../src/write_textfile.c:72:12: warning: format ‘%s’ expects argument of type ‘char *’, but argument 2 has type ‘char (*)[10]’ [-Wformat=]
    scanf("%s",&str);
           ~^  ~~~~
../src/write_textfile.c:74:9: warning: implicit declaration of function ‘strcat’ [-Wimplicit-function-declaration]
    str2=strcat(str,"\n");
         ^~~~~~
../src/write_textfile.c:74:9: warning: incompatible implicit declaration of built-in function ‘strcat’
../src/write_textfile.c:74:9: note: include ‘<string.h>’ or provide a declaration of ‘strcat’
../src/write_textfile.c:93:7: warning: assignment makes pointer from integer without a cast [-Wint-conversion]
   str2=fgetc(fp);
       ^
../src/write_textfile.c:94:14: warning: comparison between pointer and integer
   while(str2 != -1)
              ^~
../src/write_textfile.c:96:13: warning: format ‘%c’ expects argument of type ‘int’, but argument 2 has type ‘char *’ [-Wformat=]
    printf("%c",str2);
            ~^
            %s
../src/write_textfile.c:97:8: warning: assignment makes pointer from integer without a cast [-Wint-conversion]
    str2=fgetc(fp);
        ^
../src/write_textfile.c:60:15: warning: unused variable ‘fname’ [-Wunused-variable]
         char *fname;
               ^~~~~
Finished building: ../src/write_textfile.c
 
Building target: write_textfile
Invoking: GCC C Linker
gcc  -o "write_textfile"  ./src/write_textfile.o   
Finished building target: write_textfile
 
11:48:49 **** Incremental Build of configuration Debug for project write_textfile ****
make all 
make: Nothing to be done for 'all'.
